[ 2019-08-17T20:24:58+08:00 ][ sql ] [ DB ] CONNECT:[ UseTime:0.002776s ] mysql:host=127.0.0.1;dbname=fastadmin;charset=utf8
[ 2019-08-17T20:24:58+08:00 ][ sql ] [ SQL ] SHOW TABLE STATUS LIKE 'accounttype' [ RunTime:0.001267s ]
[ 2019-08-17T20:24:58+08:00 ][ sql ] [ SQL ] SHOW TABLE STATUS LIKE 'fa_accounttype' [ RunTime:0.001539s ]
[ 2019-08-17T20:24:58+08:00 ][ sql ] [ SQL ] SELECT * FROM `information_schema`.`columns` WHERE TABLE_SCHEMA = 'fastadmin' AND table_name = 'fa_accounttype' ORDER BY ORDINAL_POSITION [ RunTime:0.013481s ]
[ 2019-08-17T20:24:59+08:00 ][ sql ] [ DB ] CONNECT:[ UseTime:0.002495s ] mysql:host=127.0.0.1;dbname=fastadmin;charset=utf8
[ 2019-08-17T20:24:59+08:00 ][ sql ] [ SQL ] SHOW COLUMNS FROM `fa_auth_rule` [ RunTime:0.013901s ]
[ 2019-08-17T20:24:59+08:00 ][ sql ] [ SQL ] SELECT * FROM `fa_auth_rule` WHERE  `name` = 'accounttype' LIMIT 1 [ RunTime:0.000692s ]
[ 2019-08-17T20:24:59+08:00 ][ sql ] [ SQL ] INSERT INTO `fa_auth_rule` (`pid` , `name` , `title` , `icon` , `remark` , `ismenu` , `status` , `createtime` , `updatetime`) VALUES (0 , 'accounttype' , '账户类型管理' , 'fa fa-circle-o' , '' , 1 , 'normal' , 1566044699 , 1566044699) [ RunTime:0.002236s ]
[ 2019-08-17T20:24:59+08:00 ][ sql ] [ SQL ] SELECT `id` FROM `fa_auth_rule` WHERE  `name` = 'accounttype/index' LIMIT 1 [ RunTime:0.000318s ]
[ 2019-08-17T20:24:59+08:00 ][ sql ] [ SQL ] SELECT `id` FROM `fa_auth_rule` WHERE  `name` = 'accounttype/add' LIMIT 1 [ RunTime:0.000320s ]
[ 2019-08-17T20:24:59+08:00 ][ sql ] [ SQL ] SELECT `id` FROM `fa_auth_rule` WHERE  `name` = 'accounttype/edit' LIMIT 1 [ RunTime:0.000333s ]
[ 2019-08-17T20:24:59+08:00 ][ sql ] [ SQL ] SELECT `id` FROM `fa_auth_rule` WHERE  `name` = 'accounttype/del' LIMIT 1 [ RunTime:0.000431s ]
[ 2019-08-17T20:24:59+08:00 ][ sql ] [ SQL ] SELECT `id` FROM `fa_auth_rule` WHERE  `name` = 'accounttype/multi' LIMIT 1 [ RunTime:0.000378s ]
[ 2019-08-17T20:24:59+08:00 ][ sql ] [ SQL ] INSERT INTO `fa_auth_rule` (`id` , `pid` , `name` , `icon` , `title` , `ismenu` , `status` , `createtime` , `updatetime`) VALUES (NULL , 129 , 'accounttype/index' , 'fa fa-circle-o' , '查看' , 0 , 'normal' , 1566044699 , 1566044699) [ RunTime:0.000367s ]
[ 2019-08-17T20:24:59+08:00 ][ sql ] [ SQL ] INSERT INTO `fa_auth_rule` (`id` , `pid` , `name` , `icon` , `title` , `ismenu` , `status` , `createtime` , `updatetime`) VALUES (NULL , 129 , 'accounttype/add' , 'fa fa-circle-o' , '添加' , 0 , 'normal' , 1566044699 , 1566044699) [ RunTime:0.000368s ]
[ 2019-08-17T20:24:59+08:00 ][ sql ] [ SQL ] INSERT INTO `fa_auth_rule` (`id` , `pid` , `name` , `icon` , `title` , `ismenu` , `status` , `createtime` , `updatetime`) VALUES (NULL , 129 , 'accounttype/edit' , 'fa fa-circle-o' , '编辑' , 0 , 'normal' , 1566044699 , 1566044699) [ RunTime:0.000367s ]
[ 2019-08-17T20:24:59+08:00 ][ sql ] [ SQL ] INSERT INTO `fa_auth_rule` (`id` , `pid` , `name` , `icon` , `title` , `ismenu` , `status` , `createtime` , `updatetime`) VALUES (NULL , 129 , 'accounttype/del' , 'fa fa-circle-o' , '删除' , 0 , 'normal' , 1566044699 , 1566044699) [ RunTime:0.000358s ]
[ 2019-08-17T20:24:59+08:00 ][ sql ] [ SQL ] INSERT INTO `fa_auth_rule` (`id` , `pid` , `name` , `icon` , `title` , `ismenu` , `status` , `createtime` , `updatetime`) VALUES (NULL , 129 , 'accounttype/multi' , 'fa fa-circle-o' , '批量更新' , 0 , 'normal' , 1566044699 , 1566044699) [ RunTime:0.000383s ]
[ 2019-08-17T21:48:02+08:00 ][ sql ] [ DB ] CONNECT:[ UseTime:0.002235s ] mysql:host=127.0.0.1;dbname=fastadmin;charset=utf8
[ 2019-08-17T21:48:02+08:00 ][ sql ] [ SQL ] SHOW TABLE STATUS LIKE 'accounttype' [ RunTime:0.001321s ]
[ 2019-08-17T21:48:02+08:00 ][ sql ] [ SQL ] SHOW TABLE STATUS LIKE 'fa_accounttype' [ RunTime:0.001404s ]
[ 2019-08-17T21:48:20+08:00 ][ sql ] [ DB ] CONNECT:[ UseTime:0.013023s ] mysql:host=127.0.0.1;dbname=fastadmin;charset=utf8
[ 2019-08-17T21:48:20+08:00 ][ sql ] [ SQL ] SHOW TABLE STATUS LIKE 'accounttype' [ RunTime:0.001140s ]
[ 2019-08-17T21:48:20+08:00 ][ sql ] [ SQL ] SHOW TABLE STATUS LIKE 'fa_accounttype' [ RunTime:0.001217s ]
[ 2019-08-17T21:48:20+08:00 ][ sql ] [ SQL ] SELECT * FROM `information_schema`.`columns` WHERE TABLE_SCHEMA = 'fastadmin' AND table_name = 'fa_accounttype' ORDER BY ORDINAL_POSITION [ RunTime:0.012086s ]
[ 2019-08-17T21:48:21+08:00 ][ sql ] [ DB ] CONNECT:[ UseTime:0.002301s ] mysql:host=127.0.0.1;dbname=fastadmin;charset=utf8
[ 2019-08-17T21:48:21+08:00 ][ sql ] [ SQL ] SHOW COLUMNS FROM `fa_auth_rule` [ RunTime:0.013074s ]
[ 2019-08-17T21:48:21+08:00 ][ sql ] [ SQL ] SELECT * FROM `fa_auth_rule` WHERE  `name` = 'accounttype' LIMIT 1 [ RunTime:0.000547s ]
[ 2019-08-17T21:48:21+08:00 ][ sql ] [ SQL ] SELECT `id` FROM `fa_auth_rule` WHERE  `name` = 'accounttype/index' LIMIT 1 [ RunTime:0.000350s ]
[ 2019-08-17T21:48:21+08:00 ][ sql ] [ SQL ] SELECT `id` FROM `fa_auth_rule` WHERE  `name` = 'accounttype/add' LIMIT 1 [ RunTime:0.000308s ]
[ 2019-08-17T21:48:21+08:00 ][ sql ] [ SQL ] SELECT `id` FROM `fa_auth_rule` WHERE  `name` = 'accounttype/edit' LIMIT 1 [ RunTime:0.000304s ]
[ 2019-08-17T21:48:21+08:00 ][ sql ] [ SQL ] SELECT `id` FROM `fa_auth_rule` WHERE  `name` = 'accounttype/del' LIMIT 1 [ RunTime:0.000371s ]
[ 2019-08-17T21:48:21+08:00 ][ sql ] [ SQL ] SELECT `id` FROM `fa_auth_rule` WHERE  `name` = 'accounttype/multi' LIMIT 1 [ RunTime:0.000446s ]
[ 2019-08-17T21:48:21+08:00 ][ sql ] [ SQL ] UPDATE `fa_auth_rule`  SET `pid`=129,`name`='accounttype/index',`icon`='fa fa-circle-o',`title`='查看',`ismenu`=0,`status`='normal',`updatetime`=1566049701  WHERE  `id` = 130 [ RunTime:0.000623s ]
[ 2019-08-17T21:48:21+08:00 ][ sql ] [ SQL ] UPDATE `fa_auth_rule`  SET `pid`=129,`name`='accounttype/add',`icon`='fa fa-circle-o',`title`='添加',`ismenu`=0,`status`='normal',`updatetime`=1566049701  WHERE  `id` = 131 [ RunTime:0.000320s ]
[ 2019-08-17T21:48:21+08:00 ][ sql ] [ SQL ] UPDATE `fa_auth_rule`  SET `pid`=129,`name`='accounttype/edit',`icon`='fa fa-circle-o',`title`='编辑',`ismenu`=0,`status`='normal',`updatetime`=1566049701  WHERE  `id` = 132 [ RunTime:0.000462s ]
[ 2019-08-17T21:48:21+08:00 ][ sql ] [ SQL ] UPDATE `fa_auth_rule`  SET `pid`=129,`name`='accounttype/del',`icon`='fa fa-circle-o',`title`='删除',`ismenu`=0,`status`='normal',`updatetime`=1566049701  WHERE  `id` = 133 [ RunTime:0.000315s ]
[ 2019-08-17T21:48:21+08:00 ][ sql ] [ SQL ] UPDATE `fa_auth_rule`  SET `pid`=129,`name`='accounttype/multi',`icon`='fa fa-circle-o',`title`='批量更新',`ismenu`=0,`status`='normal',`updatetime`=1566049701  WHERE  `id` = 134 [ RunTime:0.000304s ]
[ 2019-08-17T21:49:36+08:00 ][ sql ] [ DB ] CONNECT:[ UseTime:0.002240s ] mysql:host=127.0.0.1;dbname=fastadmin;charset=utf8
[ 2019-08-17T21:49:36+08:00 ][ sql ] [ SQL ] SHOW TABLE STATUS LIKE 'accounttype' [ RunTime:0.001210s ]
[ 2019-08-17T21:49:36+08:00 ][ sql ] [ SQL ] SHOW TABLE STATUS LIKE 'fa_accounttype' [ RunTime:0.000973s ]
[ 2019-08-17T21:49:58+08:00 ][ sql ] [ DB ] CONNECT:[ UseTime:0.003220s ] mysql:host=127.0.0.1;dbname=fastadmin;charset=utf8
[ 2019-08-17T21:49:58+08:00 ][ sql ] [ SQL ] SHOW TABLE STATUS LIKE 'accounttype' [ RunTime:0.002080s ]
[ 2019-08-17T21:49:58+08:00 ][ sql ] [ SQL ] SHOW TABLE STATUS LIKE 'fa_accounttype' [ RunTime:0.001611s ]
[ 2019-08-17T21:49:58+08:00 ][ sql ] [ SQL ] SELECT * FROM `information_schema`.`columns` WHERE TABLE_SCHEMA = 'fastadmin' AND table_name = 'fa_accounttype' ORDER BY ORDINAL_POSITION [ RunTime:0.016158s ]
[ 2019-08-17T21:49:59+08:00 ][ sql ] [ DB ] CONNECT:[ UseTime:0.002274s ] mysql:host=127.0.0.1;dbname=fastadmin;charset=utf8
[ 2019-08-17T21:49:59+08:00 ][ sql ] [ SQL ] SHOW COLUMNS FROM `fa_auth_rule` [ RunTime:0.013154s ]
[ 2019-08-17T21:49:59+08:00 ][ sql ] [ SQL ] SELECT * FROM `fa_auth_rule` WHERE  `name` = 'accounttype' LIMIT 1 [ RunTime:0.000563s ]
[ 2019-08-17T21:49:59+08:00 ][ sql ] [ SQL ] SELECT `id` FROM `fa_auth_rule` WHERE  `name` = 'accounttype/index' LIMIT 1 [ RunTime:0.000358s ]
[ 2019-08-17T21:49:59+08:00 ][ sql ] [ SQL ] SELECT `id` FROM `fa_auth_rule` WHERE  `name` = 'accounttype/add' LIMIT 1 [ RunTime:0.000367s ]
[ 2019-08-17T21:49:59+08:00 ][ sql ] [ SQL ] SELECT `id` FROM `fa_auth_rule` WHERE  `name` = 'accounttype/edit' LIMIT 1 [ RunTime:0.000340s ]
[ 2019-08-17T21:49:59+08:00 ][ sql ] [ SQL ] SELECT `id` FROM `fa_auth_rule` WHERE  `name` = 'accounttype/del' LIMIT 1 [ RunTime:0.000324s ]
[ 2019-08-17T21:49:59+08:00 ][ sql ] [ SQL ] SELECT `id` FROM `fa_auth_rule` WHERE  `name` = 'accounttype/multi' LIMIT 1 [ RunTime:0.000333s ]
[ 2019-08-17T21:49:59+08:00 ][ sql ] [ SQL ] UPDATE `fa_auth_rule`  SET `pid`=129,`name`='accounttype/index',`icon`='fa fa-circle-o',`title`='查看',`ismenu`=0,`status`='normal',`updatetime`=1566049799  WHERE  `id` = 130 [ RunTime:0.000402s ]
[ 2019-08-17T21:49:59+08:00 ][ sql ] [ SQL ] UPDATE `fa_auth_rule`  SET `pid`=129,`name`='accounttype/add',`icon`='fa fa-circle-o',`title`='添加',`ismenu`=0,`status`='normal',`updatetime`=1566049799  WHERE  `id` = 131 [ RunTime:0.000485s ]
[ 2019-08-17T21:49:59+08:00 ][ sql ] [ SQL ] UPDATE `fa_auth_rule`  SET `pid`=129,`name`='accounttype/edit',`icon`='fa fa-circle-o',`title`='编辑',`ismenu`=0,`status`='normal',`updatetime`=1566049799  WHERE  `id` = 132 [ RunTime:0.000452s ]
[ 2019-08-17T21:49:59+08:00 ][ sql ] [ SQL ] UPDATE `fa_auth_rule`  SET `pid`=129,`name`='accounttype/del',`icon`='fa fa-circle-o',`title`='删除',`ismenu`=0,`status`='normal',`updatetime`=1566049799  WHERE  `id` = 133 [ RunTime:0.000441s ]
[ 2019-08-17T21:49:59+08:00 ][ sql ] [ SQL ] UPDATE `fa_auth_rule`  SET `pid`=129,`name`='accounttype/multi',`icon`='fa fa-circle-o',`title`='批量更新',`ismenu`=0,`status`='normal',`updatetime`=1566049799  WHERE  `id` = 134 [ RunTime:0.000342s ]
[ 2019-08-17T21:51:24+08:00 ][ sql ] [ DB ] CONNECT:[ UseTime:0.002224s ] mysql:host=127.0.0.1;dbname=fastadmin;charset=utf8
[ 2019-08-17T21:51:24+08:00 ][ sql ] [ SQL ] SHOW TABLE STATUS LIKE 'accounttype' [ RunTime:0.001276s ]
[ 2019-08-17T21:51:24+08:00 ][ sql ] [ SQL ] SHOW TABLE STATUS LIKE 'fa_accounttype' [ RunTime:0.001293s ]
[ 2019-08-17T21:51:34+08:00 ][ sql ] [ DB ] CONNECT:[ UseTime:0.002241s ] mysql:host=127.0.0.1;dbname=fastadmin;charset=utf8
[ 2019-08-17T21:51:34+08:00 ][ sql ] [ SQL ] SHOW TABLE STATUS LIKE 'accounttype' [ RunTime:0.001184s ]
[ 2019-08-17T21:51:34+08:00 ][ sql ] [ SQL ] SHOW TABLE STATUS LIKE 'fa_accounttype' [ RunTime:0.001145s ]
[ 2019-08-17T21:51:34+08:00 ][ sql ] [ SQL ] SELECT * FROM `information_schema`.`columns` WHERE TABLE_SCHEMA = 'fastadmin' AND table_name = 'fa_accounttype' ORDER BY ORDINAL_POSITION [ RunTime:0.013887s ]
[ 2019-08-17T21:51:34+08:00 ][ sql ] [ DB ] CONNECT:[ UseTime:0.002468s ] mysql:host=127.0.0.1;dbname=fastadmin;charset=utf8
[ 2019-08-17T21:51:34+08:00 ][ sql ] [ SQL ] SHOW COLUMNS FROM `fa_auth_rule` [ RunTime:0.021045s ]
[ 2019-08-17T21:51:34+08:00 ][ sql ] [ SQL ] SELECT * FROM `fa_auth_rule` WHERE  `name` = 'accounttype' LIMIT 1 [ RunTime:0.000803s ]
[ 2019-08-17T21:51:34+08:00 ][ sql ] [ SQL ] SELECT `id` FROM `fa_auth_rule` WHERE  `name` = 'accounttype/index' LIMIT 1 [ RunTime:0.000445s ]
[ 2019-08-17T21:51:34+08:00 ][ sql ] [ SQL ] SELECT `id` FROM `fa_auth_rule` WHERE  `name` = 'accounttype/add' LIMIT 1 [ RunTime:0.000466s ]
[ 2019-08-17T21:51:34+08:00 ][ sql ] [ SQL ] SELECT `id` FROM `fa_auth_rule` WHERE  `name` = 'accounttype/edit' LIMIT 1 [ RunTime:0.000489s ]
[ 2019-08-17T21:51:34+08:00 ][ sql ] [ SQL ] SELECT `id` FROM `fa_auth_rule` WHERE  `name` = 'accounttype/del' LIMIT 1 [ RunTime:0.000355s ]
[ 2019-08-17T21:51:34+08:00 ][ sql ] [ SQL ] SELECT `id` FROM `fa_auth_rule` WHERE  `name` = 'accounttype/multi' LIMIT 1 [ RunTime:0.000347s ]
[ 2019-08-17T21:51:34+08:00 ][ sql ] [ SQL ] UPDATE `fa_auth_rule`  SET `pid`=129,`name`='accounttype/index',`icon`='fa fa-circle-o',`title`='查看',`ismenu`=0,`status`='normal',`updatetime`=1566049894  WHERE  `id` = 130 [ RunTime:0.000381s ]
[ 2019-08-17T21:51:34+08:00 ][ sql ] [ SQL ] UPDATE `fa_auth_rule`  SET `pid`=129,`name`='accounttype/add',`icon`='fa fa-circle-o',`title`='添加',`ismenu`=0,`status`='normal',`updatetime`=1566049894  WHERE  `id` = 131 [ RunTime:0.000380s ]
[ 2019-08-17T21:51:34+08:00 ][ sql ] [ SQL ] UPDATE `fa_auth_rule`  SET `pid`=129,`name`='accounttype/edit',`icon`='fa fa-circle-o',`title`='编辑',`ismenu`=0,`status`='normal',`updatetime`=1566049894  WHERE  `id` = 132 [ RunTime:0.000407s ]
[ 2019-08-17T21:51:34+08:00 ][ sql ] [ SQL ] UPDATE `fa_auth_rule`  SET `pid`=129,`name`='accounttype/del',`icon`='fa fa-circle-o',`title`='删除',`ismenu`=0,`status`='normal',`updatetime`=1566049894  WHERE  `id` = 133 [ RunTime:0.000355s ]
[ 2019-08-17T21:51:34+08:00 ][ sql ] [ SQL ] UPDATE `fa_auth_rule`  SET `pid`=129,`name`='accounttype/multi',`icon`='fa fa-circle-o',`title`='批量更新',`ismenu`=0,`status`='normal',`updatetime`=1566049894  WHERE  `id` = 134 [ RunTime:0.000494s ]
[ 2019-08-17T21:53:02+08:00 ][ sql ] [ DB ] CONNECT:[ UseTime:0.002279s ] mysql:host=127.0.0.1;dbname=fastadmin;charset=utf8
[ 2019-08-17T21:53:02+08:00 ][ sql ] [ SQL ] SHOW TABLE STATUS LIKE 'accounttypes' [ RunTime:0.001344s ]
[ 2019-08-17T21:53:02+08:00 ][ sql ] [ SQL ] SHOW TABLE STATUS LIKE 'fa_accounttypes' [ RunTime:0.002436s ]
[ 2019-08-17T21:53:02+08:00 ][ sql ] [ SQL ] SELECT * FROM `information_schema`.`columns` WHERE TABLE_SCHEMA = 'fastadmin' AND table_name = 'fa_accounttypes' ORDER BY ORDINAL_POSITION [ RunTime:0.013681s ]
[ 2019-08-17T21:53:03+08:00 ][ sql ] [ DB ] CONNECT:[ UseTime:0.002509s ] mysql:host=127.0.0.1;dbname=fastadmin;charset=utf8
[ 2019-08-17T21:53:03+08:00 ][ sql ] [ SQL ] SHOW COLUMNS FROM `fa_auth_rule` [ RunTime:0.013030s ]
[ 2019-08-17T21:53:03+08:00 ][ sql ] [ SQL ] SELECT * FROM `fa_auth_rule` WHERE  `name` = 'accounttypes' LIMIT 1 [ RunTime:0.000823s ]
[ 2019-08-17T21:53:03+08:00 ][ sql ] [ SQL ] INSERT INTO `fa_auth_rule` (`pid` , `name` , `title` , `icon` , `remark` , `ismenu` , `status` , `createtime` , `updatetime`) VALUES (0 , 'accounttypes' , '账户类型管理' , 'fa fa-circle-o' , '' , 1 , 'normal' , 1566049983 , 1566049983) [ RunTime:0.002153s ]
[ 2019-08-17T21:53:03+08:00 ][ sql ] [ SQL ] SELECT `id` FROM `fa_auth_rule` WHERE  `name` = 'accounttypes/index' LIMIT 1 [ RunTime:0.000431s ]
[ 2019-08-17T21:53:03+08:00 ][ sql ] [ SQL ] SELECT `id` FROM `fa_auth_rule` WHERE  `name` = 'accounttypes/add' LIMIT 1 [ RunTime:0.000462s ]
[ 2019-08-17T21:53:03+08:00 ][ sql ] [ SQL ] SELECT `id` FROM `fa_auth_rule` WHERE  `name` = 'accounttypes/edit' LIMIT 1 [ RunTime:0.000446s ]
[ 2019-08-17T21:53:03+08:00 ][ sql ] [ SQL ] SELECT `id` FROM `fa_auth_rule` WHERE  `name` = 'accounttypes/del' LIMIT 1 [ RunTime:0.000507s ]
[ 2019-08-17T21:53:03+08:00 ][ sql ] [ SQL ] SELECT `id` FROM `fa_auth_rule` WHERE  `name` = 'accounttypes/multi' LIMIT 1 [ RunTime:0.000390s ]
[ 2019-08-17T21:53:03+08:00 ][ sql ] [ SQL ] INSERT INTO `fa_auth_rule` (`id` , `pid` , `name` , `icon` , `title` , `ismenu` , `status` , `createtime` , `updatetime`) VALUES (NULL , 135 , 'accounttypes/index' , 'fa fa-circle-o' , '查看' , 0 , 'normal' , 1566049983 , 1566049983) [ RunTime:0.000509s ]
[ 2019-08-17T21:53:03+08:00 ][ sql ] [ SQL ] INSERT INTO `fa_auth_rule` (`id` , `pid` , `name` , `icon` , `title` , `ismenu` , `status` , `createtime` , `updatetime`) VALUES (NULL , 135 , 'accounttypes/add' , 'fa fa-circle-o' , '添加' , 0 , 'normal' , 1566049983 , 1566049983) [ RunTime:0.000477s ]
[ 2019-08-17T21:53:03+08:00 ][ sql ] [ SQL ] INSERT INTO `fa_auth_rule` (`id` , `pid` , `name` , `icon` , `title` , `ismenu` , `status` , `createtime` , `updatetime`) VALUES (NULL , 135 , 'accounttypes/edit' , 'fa fa-circle-o' , '编辑' , 0 , 'normal' , 1566049983 , 1566049983) [ RunTime:0.000512s ]
[ 2019-08-17T21:53:03+08:00 ][ sql ] [ SQL ] INSERT INTO `fa_auth_rule` (`id` , `pid` , `name` , `icon` , `title` , `ismenu` , `status` , `createtime` , `updatetime`) VALUES (NULL , 135 , 'accounttypes/del' , 'fa fa-circle-o' , '删除' , 0 , 'normal' , 1566049983 , 1566049983) [ RunTime:0.000478s ]
[ 2019-08-17T21:53:03+08:00 ][ sql ] [ SQL ] INSERT INTO `fa_auth_rule` (`id` , `pid` , `name` , `icon` , `title` , `ismenu` , `status` , `createtime` , `updatetime`) VALUES (NULL , 135 , 'accounttypes/multi' , 'fa fa-circle-o' , '批量更新' , 0 , 'normal' , 1566049983 , 1566049983) [ RunTime:0.000345s ]
[ 2019-08-17T21:55:03+08:00 ][ sql ] [ DB ] CONNECT:[ UseTime:0.002425s ] mysql:host=127.0.0.1;dbname=fastadmin;charset=utf8
[ 2019-08-17T21:55:03+08:00 ][ sql ] [ SQL ] SHOW TABLE STATUS LIKE 'accounttype' [ RunTime:0.001417s ]
[ 2019-08-17T21:55:03+08:00 ][ sql ] [ SQL ] SHOW TABLE STATUS LIKE 'fa_accounttype' [ RunTime:0.001213s ]
